049:[CLASS] class
049:[TYPE] A
049:[LBRACE] {
053:[ID] io
053:[COLON] :
053:[TYPE] IO
053:[ASSIGN] <-
053:[NEW] new
053:[TYPE] IO
053:[SEMICOLON] ;
055:[ID] out_a
055:[LPAREN] (
055:[RPAREN] )
055:[COLON] :
055:[TYPE] Object
055:[LBRACE] {
055:[ID] io
055:[DOT] .
055:[ID] out_string
055:[LPAREN] (
055:[STRING] "A: Hello world\n"
055:[RPAREN] )
055:[RBRACE] }
055:[SEMICOLON] ;
057:[RBRACE] }
057:[SEMICOLON] ;
060:[CLASS] class
060:[TYPE] B
060:[INHERITS] inherits
060:[TYPE] A
060:[LBRACE] {
064:[ID] out_b
064:[LPAREN] (
064:[RPAREN] )
064:[COLON] :
064:[TYPE] Object
064:[LBRACE] {
064:[ID] io
064:[DOT] .
064:[ID] out_string
064:[LPAREN] (
064:[STRING] "B: Hello world\n"
064:[RPAREN] )
064:[RBRACE] }
064:[SEMICOLON] ;
066:[RBRACE] }
066:[SEMICOLON] ;
069:[CLASS] class
069:[TYPE] C
069:[INHERITS] inherits
069:[TYPE] IO
069:[LBRACE] {
073:[ID] out_c
073:[LPAREN] (
073:[RPAREN] )
073:[COLON] :
073:[TYPE] Object
073:[LBRACE] {
073:[ID] out_string
073:[LPAREN] (
073:[STRING] "C: Hello world\n"
073:[RPAREN] )
073:[RBRACE] }
073:[SEMICOLON] ;
077:[RBRACE] }
077:[SEMICOLON] ;
080:[CLASS] class
080:[TYPE] D
080:[INHERITS] inherits
080:[TYPE] C
080:[LBRACE] {
084:[ID] out_d
084:[LPAREN] (
084:[RPAREN] )
084:[COLON] :
084:[TYPE] Object
084:[LBRACE] {
084:[ID] out_string
084:[LPAREN] (
084:[STRING] "D: Hello world\n"
084:[RPAREN] )
084:[RBRACE] }
084:[SEMICOLON] ;
086:[RBRACE] }
086:[SEMICOLON] ;
089:[CLASS] class
089:[TYPE] Main
089:[INHERITS] inherits
089:[TYPE] IO
089:[LBRACE] {
093:[ID] main
093:[LPAREN] (
093:[RPAREN] )
093:[COLON] :
093:[TYPE] Object
093:[LBRACE] {
094:[LBRACE] {
095:[LPAREN] (
095:[NEW] new
095:[TYPE] A
095:[RPAREN] )
095:[DOT] .
095:[ID] out_a
095:[LPAREN] (
095:[RPAREN] )
095:[SEMICOLON] ;
096:[LPAREN] (
096:[NEW] new
096:[TYPE] B
096:[RPAREN] )
096:[DOT] .
096:[ID] out_b
096:[LPAREN] (
096:[RPAREN] )
096:[SEMICOLON] ;
097:[LPAREN] (
097:[NEW] new
097:[TYPE] C
097:[RPAREN] )
097:[DOT] .
097:[ID] out_c
097:[LPAREN] (
097:[RPAREN] )
097:[SEMICOLON] ;
098:[LPAREN] (
098:[NEW] new
098:[TYPE] D
098:[RPAREN] )
098:[DOT] .
098:[ID] out_d
098:[LPAREN] (
098:[RPAREN] )
098:[SEMICOLON] ;
099:[ID] out_string
099:[LPAREN] (
099:[STRING] "Done.\n"
099:[RPAREN] )
099:[SEMICOLON] ;
100:[RBRACE] }
101:[RBRACE] }
101:[SEMICOLON] ;
103:[RBRACE] }
103:[SEMICOLON] ;
